NETWORK=mainnet scripts/build-contract.sh
aiken v1.1.19 ✓
Hlabs key hash: 7f0e0f6fb80bbfada6e78876ebdf151b87d93630fd844cebd4e641de
Treasury expiration: 2030-04-01T00:00:00Z → 1901232000000
Payout upperbound:   2030-06-01T00:00:00Z → 1906502400000
Vendor expiration:   2030-07-04T00:00:00Z → 1909353600000

Querying UTxOs at addr1q9lsurm0hq9mltdxu7y8d67lz5dc0kfkxr7cgn8t6nnyrhn228prjx9u5vdp94cfj4v7a0dsc272ltr7m5mxegltjqasw42p4h...
Seed UTxO: 556cdaebe5c4930e5461a8b6e375eba99a1591b6ccf93cbf44644465846710c0#1

Generating lib/proposal.ak...
Generated proposal.ak with placeholder registry token.

Building contracts (phase 1)...
    Compiling sundae/treasury-funds 0.0.0 (.)
    Compiling aiken-lang/stdlib v2.2.0 (./build/packages/aiken-lang-stdlib)
    Compiling aiken-lang/fuzz v2.1.1 (./build/packages/aiken-lang-fuzz)
    Compiling SundaeSwap-finance/aicone 504e104 (./build/packages/SundaeSwap-finance-aicone)
   Generating project's blueprint (./plutus.json)
Seed UTxO CBOR: D8799F5820556CDAEBE5C4930E5461A8B6E375EBA99A1591B6CCF93CBF44644465846710C001FF
Registry token (oneshot policy ID): ad29afeb1b359ee5088d94c4d6d50c4b81b687493c4d603594dca51e

Regenerating proposal.ak with real registry token...
Building contracts (phase 2)...
    Compiling sundae/treasury-funds 0.0.0 (.)
    Compiling aiken-lang/stdlib v2.2.0 (./build/packages/aiken-lang-stdlib)
    Compiling aiken-lang/fuzz v2.1.1 (./build/packages/aiken-lang-fuzz)
    Compiling SundaeSwap-finance/aicone 504e104 (./build/packages/SundaeSwap-finance-aicone)
   Generating project's blueprint (./plutus.json)
Treasury config CBOR length: 990
Vendor config CBOR length:   826

Applying parameters to blueprint...
    Compiling sundae/treasury-funds 0.0.0 (.)
    Compiling aiken-lang/stdlib v2.2.0 (./build/packages/aiken-lang-stdlib)
    Compiling aiken-lang/fuzz v2.1.1 (./build/packages/aiken-lang-fuzz)
    Compiling SundaeSwap-finance/aicone 504e104 (./build/packages/SundaeSwap-finance-aicone)
   Generating project's blueprint (./plutus.json)

Extracting treasury contract to scripts/treasury-contract.plutus...
    Compiling sundae/treasury-funds 0.0.0 (.)
    Compiling aiken-lang/stdlib v2.2.0 (./build/packages/aiken-lang-stdlib)
    Compiling aiken-lang/fuzz v2.1.1 (./build/packages/aiken-lang-fuzz)
    Compiling SundaeSwap-finance/aicone 504e104 (./build/packages/SundaeSwap-finance-aicone)
   Generating project's blueprint (./plutus.json)

Generating offchain metadata.json...
Generated: /home/michele/hlabs/treasury-proposals/2026-treasury-proposal/contracts/treasury-contracts/offchain/metadata.json

============================================================
  Contract build complete
============================================================

  Hlabs key hash             = 7f0e0f6fb80bbfada6e78876ebdf151b87d93630fd844cebd4e641de
  Registry Policy ID         = ad29afeb1b359ee5088d94c4d6d50c4b81b687493c4d603594dca51e
  Treasury Contract          = a3355863fb6ba06e154d6e2000c2923a9a17914e70cfeb373c31bef7
  Vendor Contract            = 77af235a7174ffd15f33b927e68691bd9e10477dc46722387774efc0

  Seed UTxO                  = 556cdaebe5c4930e5461a8b6e375eba99a1591b6ccf93cbf44644465846710c0#1
  Treasury expiration        = 1901232000000
  Payout upperbound          = 1906502400000
  Vendor expiration          = 1909353600000

  Output: scripts/treasury-contract.plutus
          contracts/treasury-contracts/offchain/metadata.json
============================================================
