NETWORK=mainnet scripts/fund-proposal.sh
=== Fund Proposal Address ===

Network:          --mainnet
From:             addr1q9lsurm0hq9mltdxu7y8d67lz5dc0kfkxr7cgn8t6nnyrhn228prjx9u5vdp94cfj4v7a0dsc272ltr7m5mxegltjqasw42p4h
To:               addr1v8z6s5h9x9yx5heqzf4qzsd55ljhvnfhyxckp6s7dqtgxksehh22z
Amount:           100005000000 lovelace (deposit + fee margin)

Proposal address has 41374468 lovelace, need 100005000000.

Querying source UTxOs...
Selected 2 UTxO(s):
  d8c59d31de11d89fd9f6ff6db50cf9e32019985c24e551ce06980e923699ff89#0
  9b0bb3c0dba3781fc618996339fe31db8f741ae7a1fcd7ce820c2434f9f8d331#1
Estimated transaction fee: 177689 Lovelace
Transaction built: /home/michele/hlabs/treasury-proposals/2026-treasury-proposal/fund-proposal.raw
Signing with hardware wallet...
The transaction CBOR is valid and canonical.
Writing to file '/home/michele/hlabs/treasury-proposals/2026-treasury-proposal/fund-proposal.raw'.
Writing to file '/home/michele/hlabs/treasury-proposals/2026-treasury-proposal/fund-proposal.raw.witness'.
{"txhash":"d45554481baaed034431c4c047195b91fa3dcd442d22dbcceb877961bf5354f0"}

Proposal address funded successfully.
Transaction hash: {
    "txhash": "d45554481baaed034431c4c047195b91fa3dcd442d22dbcceb877961bf5354f0"
}
Proposal address: addr1v8z6s5h9x9yx5heqzf4qzsd55ljhvnfhyxckp6s7dqtgxksehh22z

Clean up: rm -f fund-proposal.raw fund-proposal.signed
