=== Fund Publish Address ===

Network:          --mainnet
From:             addr1q9lsurm0hq9mltdxu7y8d67lz5dc0kfkxr7cgn8t6nnyrhn228prjx9u5vdp94cfj4v7a0dsc272ltr7m5mxegltjqasw42p4h
To:               addr1v8z6s5h9x9yx5heqzf4qzsd55ljhvnfhyxckp6s7dqtgxksehh22z
Amount:           105000000 lovelace (100 ADA + fee margin)

Proposal address has 0 lovelace, need 105000000.

Querying source UTxOs...
Selected 1 UTxO(s):
  b609c663cf820bdd951fcb96b9d8de8a4552bd42bb0c7fb5b479c31de186b932#1
Estimated transaction fee: 171485 Lovelace
Transaction built: /home/michele/hlabs/treasury-proposals/2026-treasury-proposal/fund-publish.raw
Signing with hardware wallet...
The transaction CBOR is valid and canonical.
Writing to file '/home/michele/hlabs/treasury-proposals/2026-treasury-proposal/fund-publish.raw'.
Writing to file '/home/michele/hlabs/treasury-proposals/2026-treasury-proposal/fund-publish.raw.witness'.
Transaction successfully submitted. Transaction hash is:
{"txhash":"de00860399fb596265e20bee2203be68d54cfb096be0f96e06c503783c933003"}

Publish address funded successfully.
Transaction hash: {
    "txhash": "de00860399fb596265e20bee2203be68d54cfb096be0f96e06c503783c933003"
}
Proposal address: addr1v8z6s5h9x9yx5heqzf4qzsd55ljhvnfhyxckp6s7dqtgxksehh22z

Next steps:
  1. Run the offchain CLI with WALLET_ADDRESS set to the proposal address:
     WALLET_ADDRESS=addr1v8z6s5h9x9yx5heqzf4qzsd55ljhvnfhyxckp6s7dqtgxksehh22z

  2. Sign the tx.unsigned with the proposal key:
     PAYMENT_HW_SIGNING_FILE= PAYMENT_SKEY=keys/proposal.skey NETWORK=mainnet scripts/sign-publish-tx.sh

Clean up: rm -f fund-publish.raw fund-publish.signed