NETWORK=mainnet scripts/register-receiving-stake.sh
=== Register Receiving Stake Credential (Script) ===

Network:       --mainnet
Script file:   /home/michele/hlabs/treasury-proposals/2026-treasury-proposal/scripts/treasury-contract.plutus
Stake address: stake17x3n2krrld46qms4f4hzqqxzjgaf59u3fecvl6eh8scmaacjqmvjw

Script stake credential is not registered. Proceeding...
Registration certificate created: /home/michele/hlabs/treasury-proposals/2026-treasury-proposal/keys/receiving-stake-reg.cert
Querying UTxOs...
Using UTxO: de00860399fb596265e20bee2203be68d54cfb096be0f96e06c503783c933003#1
Using reference script input: 7f491ff1bd17d911c5ffb15dbd892eec76b5586be0b6c0cd7f27425652de6acd#0
Estimated transaction fee: 274503 Lovelace
Transaction built: /home/michele/hlabs/treasury-proposals/2026-treasury-proposal/receiving-stake-reg.raw
The transaction contains following fixable errors:
- CBOR is not canonical (transaction)
Transformed transaction will be written to the output file.
Writing to file '/home/michele/hlabs/treasury-proposals/2026-treasury-proposal/receiving-stake-reg.raw'.
Transaction CBOR canonicalized.
Writing to file '/home/michele/hlabs/treasury-proposals/2026-treasury-proposal/receiving-stake-reg.raw.pay.witness'.
Transaction signed: /home/michele/hlabs/treasury-proposals/2026-treasury-proposal/receiving-stake-reg.signed
{"txhash":"c158205e0e6eb701c3a8d7c6d703c58e71b761b3c4e69121a3ae8511ac5b45ca"}

Script stake credential registered successfully.
Transaction hash: {
    "txhash": "c158205e0e6eb701c3a8d7c6d703c58e71b761b3c4e69121a3ae8511ac5b45ca"
}

Clean up: rm -f receiving-stake-reg.raw receiving-stake-reg.signed keys/receiving-stake-reg.cert
